0 info it worked if it ends with ok
1 verbose cli [ '/usr/bin/nodejs', '/usr/bin/npm', 'install', 'markserv' ]
2 info using npm@3.5.2
3 info using node@v4.2.6
4 verbose config Skipping project config: /home/ssun/.npmrc. (matches userconfig)
5 silly loadCurrentTree Starting
6 silly install loadCurrentTree
7 silly install readLocalPackageData
8 silly fetchPackageMetaData markserv
9 silly fetchNamedPackageData markserv
10 silly mapToRegistry name markserv
11 silly mapToRegistry using default registry
12 silly mapToRegistry registry https://registry.npmjs.org/
13 silly mapToRegistry uri https://registry.npmjs.org/markserv
14 verbose request uri https://registry.npmjs.org/markserv
15 verbose request no auth needed
16 info attempt registry request try #1 at 8:19:55 PM
17 verbose request id a9820ee307ec2496
18 verbose etag "87VM7Y4LZM3B309R88F5ZH8F1"
19 http request GET https://registry.npmjs.org/markserv
20 http 304 https://registry.npmjs.org/markserv
21 verbose headers { date: 'Mon, 01 Aug 2016 03:19:55 GMT',
21 verbose headers   via: '1.1 varnish',
21 verbose headers   'cache-control': 'max-age=300',
21 verbose headers   etag: '"87VM7Y4LZM3B309R88F5ZH8F1"',
21 verbose headers   age: '0',
21 verbose headers   connection: 'keep-alive',
21 verbose headers   'x-served-by': 'cache-sjc3627-SJC',
21 verbose headers   'x-cache': 'MISS',
21 verbose headers   'x-cache-hits': '0',
21 verbose headers   'x-timer': 'S1470021595.513307,VS0,VE138',
21 verbose headers   vary: 'Accept-Encoding' }
22 silly get cb [ 304,
22 silly get   { date: 'Mon, 01 Aug 2016 03:19:55 GMT',
22 silly get     via: '1.1 varnish',
22 silly get     'cache-control': 'max-age=300',
22 silly get     etag: '"87VM7Y4LZM3B309R88F5ZH8F1"',
22 silly get     age: '0',
22 silly get     connection: 'keep-alive',
22 silly get     'x-served-by': 'cache-sjc3627-SJC',
22 silly get     'x-cache': 'MISS',
22 silly get     'x-cache-hits': '0',
22 silly get     'x-timer': 'S1470021595.513307,VS0,VE138',
22 silly get     vary: 'Accept-Encoding' } ]
23 verbose etag https://registry.npmjs.org/markserv from cache
24 verbose get saving markserv to /home/ssun/.npm/registry.npmjs.org/markserv/.cache.json
25 silly install normalizeTree
26 silly loadCurrentTree Finishing
27 silly loadIdealTree Starting
28 silly install loadIdealTree
29 silly cloneCurrentTree Starting
30 silly install cloneCurrentTreeToIdealTree
31 silly cloneCurrentTree Finishing
32 silly loadShrinkwrap Starting
33 silly install loadShrinkwrap
34 silly loadShrinkwrap Finishing
35 silly loadAllDepsIntoIdealTree Starting
36 silly install loadAllDepsIntoIdealTree
37 silly resolveWithNewModule markserv@0.0.17 checking installable status
38 silly cache add args [ 'markserv', null ]
39 verbose cache add spec markserv
40 silly cache add parsed spec Result {
40 silly cache add   raw: 'markserv',
40 silly cache add   scope: null,
40 silly cache add   name: 'markserv',
40 silly cache add   rawSpec: '',
40 silly cache add   spec: 'latest',
40 silly cache add   type: 'tag' }
41 silly addNamed markserv@latest
42 verbose addNamed "latest" is being treated as a dist-tag for markserv
43 info addNameTag [ 'markserv', 'latest' ]
44 silly mapToRegistry name markserv
45 silly mapToRegistry using default registry
46 silly mapToRegistry registry https://registry.npmjs.org/
47 silly mapToRegistry uri https://registry.npmjs.org/markserv
48 verbose addNameTag registry:https://registry.npmjs.org/markserv not in flight; fetching
49 verbose get https://registry.npmjs.org/markserv not expired, no request
50 silly addNameTag next cb for markserv with tag latest
51 silly addNamed markserv@0.0.17
52 verbose addNamed "0.0.17" is a plain semver version for markserv
53 silly cache afterAdd markserv@0.0.17
54 verbose afterAdd /home/ssun/.npm/markserv/0.0.17/package/package.json not in flight; writing
55 verbose afterAdd /home/ssun/.npm/markserv/0.0.17/package/package.json written
56 silly fetchNamedPackageData jsdom
57 silly mapToRegistry name jsdom
58 silly mapToRegistry using default registry
59 silly mapToRegistry registry https://registry.npmjs.org/
60 silly mapToRegistry uri https://registry.npmjs.org/jsdom
61 verbose request uri https://registry.npmjs.org/jsdom
62 verbose request no auth needed
63 info attempt registry request try #1 at 8:19:55 PM
64 verbose etag "6SMN2EOIJEI6IAS1K3HT4J6OH"
65 http request GET https://registry.npmjs.org/jsdom
66 http 200 https://registry.npmjs.org/jsdom
67 verbose headers { server: 'CouchDB/1.5.0 (Erlang OTP/R16B03)',
67 verbose headers   etag: '"2ISO7T3R95814UJTLSMZGMLP0"',
67 verbose headers   'content-type': 'application/json',
67 verbose headers   'content-encoding': 'gzip',
67 verbose headers   'cache-control': 'max-age=300',
67 verbose headers   'content-length': '48879',
67 verbose headers   'accept-ranges': 'bytes',
67 verbose headers   date: 'Mon, 01 Aug 2016 03:19:56 GMT',
67 verbose headers   via: '1.1 varnish',
67 verbose headers   age: '0',
67 verbose headers   connection: 'keep-alive',
67 verbose headers   'x-served-by': 'cache-sjc3142-SJC',
67 verbose headers   'x-cache': 'HIT',
67 verbose headers   'x-cache-hits': '1',
67 verbose headers   'x-timer': 'S1470021595.983466,VS0,VE33',
67 verbose headers   vary: 'Accept-Encoding' }
68 silly get cb [ 200,
68 silly get   { server: 'CouchDB/1.5.0 (Erlang OTP/R16B03)',
68 silly get     etag: '"2ISO7T3R95814UJTLSMZGMLP0"',
68 silly get     'content-type': 'application/json',
68 silly get     'content-encoding': 'gzip',
68 silly get     'cache-control': 'max-age=300',
68 silly get     'content-length': '48879',
68 silly get     'accept-ranges': 'bytes',
68 silly get     date: 'Mon, 01 Aug 2016 03:19:56 GMT',
68 silly get     via: '1.1 varnish',
68 silly get     age: '0',
68 silly get     connection: 'keep-alive',
68 silly get     'x-served-by': 'cache-sjc3142-SJC',
68 silly get     'x-cache': 'HIT',
68 silly get     'x-cache-hits': '1',
68 silly get     'x-timer': 'S1470021595.983466,VS0,VE33',
68 silly get     vary: 'Accept-Encoding' } ]
69 verbose get saving jsdom to /home/ssun/.npm/registry.npmjs.org/jsdom/.cache.json
70 silly resolveWithNewModule jsdom@2.0.0 checking installable status
71 silly cache add args [ 'jsdom@^2.0.0', null ]
72 verbose cache add spec jsdom@^2.0.0
73 silly cache add parsed spec Result {
73 silly cache add   raw: 'jsdom@^2.0.0',
73 silly cache add   scope: null,
73 silly cache add   name: 'jsdom',
73 silly cache add   rawSpec: '^2.0.0',
73 silly cache add   spec: '>=2.0.0 <3.0.0',
73 silly cache add   type: 'range' }
74 silly addNamed jsdom@>=2.0.0 <3.0.0
75 verbose addNamed ">=2.0.0 <3.0.0" is a valid semver range for jsdom
76 silly addNameRange { name: 'jsdom', range: '>=2.0.0 <3.0.0', hasData: false }
77 silly mapToRegistry name jsdom
78 silly mapToRegistry using default registry
79 silly mapToRegistry registry https://registry.npmjs.org/
80 silly mapToRegistry uri https://registry.npmjs.org/jsdom
81 verbose addNameRange registry:https://registry.npmjs.org/jsdom not in flight; fetching
82 verbose get https://registry.npmjs.org/jsdom not expired, no request
83 silly addNameRange number 2 { name: 'jsdom', range: '>=2.0.0 <3.0.0', hasData: true }
84 silly addNameRange versions [ 'jsdom',
84 silly addNameRange   [ '0.0.1',
84 silly addNameRange     '0.1.2',
84 silly addNameRange     '0.1.4',
84 silly addNameRange     '0.1.5',
84 silly addNameRange     '0.1.6',
84 silly addNameRange     '0.1.7',
84 silly addNameRange     '0.1.8',
84 silly addNameRange     '0.1.9',
84 silly addNameRange     '0.1.10',
84 silly addNameRange     '0.1.11',
84 silly addNameRange     '0.1.12',
84 silly addNameRange     '0.1.13',
84 silly addNameRange     '0.1.15',
84 silly addNameRange     '0.1.16',
84 silly addNameRange     '0.1.17',
84 silly addNameRange     '0.1.18',
84 silly addNameRange     '0.1.19',
84 silly addNameRange     '0.1.20',
84 silly addNameRange     '0.1.21',
84 silly addNameRange     '0.1.22',
84 silly addNameRange     '0.1.23',
84 silly addNameRange     '0.2.0',
84 silly addNameRange     '0.2.1',
84 silly addNameRange     '0.2.2',
84 silly addNameRange     '0.2.3',
84 silly addNameRange     '0.2.4',
84 silly addNameRange     '0.2.5',
84 silly addNameRange     '0.2.6',
84 silly addNameRange     '0.2.7',
84 silly addNameRange     '0.2.8',
84 silly addNameRange     '0.2.9',
84 silly addNameRange     '0.2.10',
84 silly addNameRange     '0.2.11',
84 silly addNameRange     '0.2.12',
84 silly addNameRange     '0.2.13',
84 silly addNameRange     '0.2.14',
84 silly addNameRange     '0.2.15',
84 silly addNameRange     '0.2.16',
84 silly addNameRange     '0.2.17',
84 silly addNameRange     '0.2.18',
84 silly addNameRange     '0.2.19',
84 silly addNameRange     '0.3.0',
84 silly addNameRange     '0.3.1',
84 silly addNameRange     '0.3.2',
84 silly addNameRange     '0.3.3',
84 silly addNameRange     '0.3.4',
84 silly addNameRange     '0.4.0',
84 silly addNameRange     '0.4.1',
84 silly addNameRange     '0.4.2',
84 silly addNameRange     '0.5.0',
84 silly addNameRange     '0.5.1',
84 silly addNameRange     '0.5.2',
84 silly addNameRange     '0.5.3',
84 silly addNameRange     '0.5.4',
84 silly addNameRange     '0.5.5',
84 silly addNameRange     '0.5.6',
84 silly addNameRange     '0.5.7',
84 silly addNameRange     '0.6.0',
84 silly addNameRange     '0.6.1',
84 silly addNameRange     '0.6.2',
84 silly addNameRange     '0.6.3',
84 silly addNameRange     '0.6.4',
84 silly addNameRange     '0.6.5',
84 silly addNameRange     '0.7.0',
84 silly addNameRange     '0.8.0',
84 silly addNameRange     '0.8.1',
84 silly addNameRange     '0.8.2',
84 silly addNameRange     '0.8.3',
84 silly addNameRange     '0.8.4',
84 silly addNameRange     '0.8.5',
84 silly addNameRange     '0.8.6',
84 silly addNameRange     '0.8.7',
84 silly addNameRange     '0.8.8',
84 silly addNameRange     '0.8.9',
84 silly addNameRange     '0.8.10',
84 silly addNameRange     '0.8.11',
84 silly addNameRange     '0.9.0',
84 silly addNameRange     '0.10.0',
84 silly addNameRange     '0.10.1',
84 silly addNameRange     '0.10.2',
84 silly addNameRange     '0.10.3',
84 silly addNameRange     '0.10.4',
84 silly addNameRange     '0.10.5',
84 silly addNameRange     '0.10.6',
84 silly addNameRange     '0.11.0',
84 silly addNameRange     '0.11.1',
84 silly addNameRange     '1.0.0-pre.1',
84 silly addNameRange     '1.0.0-pre.3',
84 silly addNameRange     '1.0.0-pre.4',
84 silly addNameRange     '1.0.0-pre.5',
84 silly addNameRange     '1.0.0-pre.6',
84 silly addNameRange     '1.0.0-pre.7',
84 silly addNameRange     '1.0.0',
84 silly addNameRange     '1.0.1',
84 silly addNameRange     '1.0.2',
84 silly addNameRange     '1.0.3',
84 silly addNameRange     '1.1.0',
84 silly addNameRange     '1.2.0',
84 silly addNameRange     '1.2.1',
84 silly addNameRange     '1.2.2',
84 silly addNameRange     '1.2.3',
84 silly addNameRange     '1.3.0',
84 silly addNameRange     '1.3.1',
84 silly addNameRange     '1.3.2',
84 silly addNameRange     '1.4.0',
84 silly addNameRange     '1.4.1',
84 silly addNameRange     '1.5.0',
84 silly addNameRange     '2.0.0',
84 silly addNameRange     '3.0.0',
84 silly addNameRange     '3.0.1',
84 silly addNameRange     '3.0.2',
84 silly addNameRange     '3.0.3',
84 silly addNameRange     '3.1.0',
84 silly addNameRange     '3.1.1',
84 silly addNameRange     '3.1.2',
84 silly addNameRange     '4.0.0',
84 silly addNameRange     '4.0.1',
84 silly addNameRange     '4.0.2',
84 silly addNameRange     '4.0.3',
84 silly addNameRange     '4.0.4',
84 silly addNameRange     '4.0.5',
84 silly addNameRange     '4.1.0',
84 silly addNameRange     '4.2.0',
84 silly addNameRange     '4.3.0',
84 silly addNameRange     '4.4.0',
84 silly addNameRange     '4.5.0',
84 silly addNameRange     '4.5.1',
84 silly addNameRange     '5.0.0',
84 silly addNameRange     '5.0.1',
84 silly addNameRange     '4.5.2',
84 silly addNameRange     '5.1.0',
84 silly addNameRange     '5.2.0',
84 silly addNameRange     '5.3.0',
84 silly addNameRange     '5.4.0',
84 silly addNameRange     '5.4.1',
84 silly addNameRange     '5.4.2',
84 silly addNameRange     '5.4.3',
84 silly addNameRange     '5.5.0',
84 silly addNameRange     '5.6.0',
84 silly addNameRange     '5.6.1',
84 silly addNameRange     '6.0.0',
84 silly addNameRange     '6.0.1',
84 silly addNameRange     '6.1.0',
84 silly addNameRange     '6.2.0',
84 silly addNameRange     '6.3.0',
84 silly addNameRange     '6.4.0',
84 silly addNameRange     '6.5.0',
84 silly addNameRange     '6.5.1',
84 silly addNameRange     '7.0.0',
84 silly addNameRange     '7.0.1',
84 silly addNameRange     '7.0.2',
84 silly addNameRange     '7.1.0',
84 silly addNameRange     '7.1.1',
84 silly addNameRange     '7.2.0',
84 silly addNameRange     '7.2.1',
84 silly addNameRange     '7.2.2',
84 silly addNameRange     '8.0.0-0',
84 silly addNameRange     '8.0.0',
84 silly addNameRange     '8.0.1',
84 silly addNameRange     '8.0.2',
84 silly addNameRange     '8.0.3',
84 silly addNameRange     '8.0.4',
84 silly addNameRange     '8.1.0',
84 silly addNameRange     '8.2.0',
84 silly addNameRange     '8.3.0',
84 silly addNameRange     '8.3.1',
84 silly addNameRange     '8.4.0',
84 silly addNameRange     '8.4.1',
84 silly addNameRange     '8.5.0',
84 silly addNameRange     '9.0.0',
84 silly addNameRange     '9.1.0',
84 silly addNameRange     '9.2.0',
84 silly addNameRange     '9.2.1',
84 silly addNameRange     '9.3.0',
84 silly addNameRange     '9.4.0',
84 silly addNameRange     '9.4.1' ] ]
85 silly addNamed jsdom@2.0.0
86 verbose addNamed "2.0.0" is a plain semver version for jsdom
87 silly cache afterAdd jsdom@2.0.0
88 verbose afterAdd /home/ssun/.npm/jsdom/2.0.0/package/package.json not in flight; writing
89 verbose afterAdd /home/ssun/.npm/jsdom/2.0.0/package/package.json written
90 silly fetchNamedPackageData contextify
91 silly mapToRegistry name contextify
92 silly mapToRegistry using default registry
93 silly mapToRegistry registry https://registry.npmjs.org/
94 silly mapToRegistry uri https://registry.npmjs.org/contextify
95 verbose request uri https://registry.npmjs.org/contextify
96 verbose request no auth needed
97 info attempt registry request try #1 at 8:19:56 PM
98 verbose etag "7X51S6RVQI4P36BCEG1N9DX41"
99 http request GET https://registry.npmjs.org/contextify
100 http 200 https://registry.npmjs.org/contextify
101 verbose headers { server: 'CouchDB/1.6.1 (Erlang OTP/R16B03)',
101 verbose headers   etag: '"29DTT4NN7JEGUNKCLT4JM9WG1"',
101 verbose headers   'content-type': 'application/json',
101 verbose headers   'content-encoding': 'gzip',
101 verbose headers   'cache-control': 'max-age=300',
101 verbose headers   'content-length': '6076',
101 verbose headers   'accept-ranges': 'bytes',
101 verbose headers   date: 'Mon, 01 Aug 2016 03:19:56 GMT',
101 verbose headers   via: '1.1 varnish',
101 verbose headers   age: '0',
101 verbose headers   connection: 'keep-alive',
101 verbose headers   'x-served-by': 'cache-sjc3637-SJC',
101 verbose headers   'x-cache': 'HIT',
101 verbose headers   'x-cache-hits': '1',
101 verbose headers   'x-timer': 'S1470021596.442789,VS0,VE31',
101 verbose headers   vary: 'Accept-Encoding' }
102 silly get cb [ 200,
102 silly get   { server: 'CouchDB/1.6.1 (Erlang OTP/R16B03)',
102 silly get     etag: '"29DTT4NN7JEGUNKCLT4JM9WG1"',
102 silly get     'content-type': 'application/json',
102 silly get     'content-encoding': 'gzip',
102 silly get     'cache-control': 'max-age=300',
102 silly get     'content-length': '6076',
102 silly get     'accept-ranges': 'bytes',
102 silly get     date: 'Mon, 01 Aug 2016 03:19:56 GMT',
102 silly get     via: '1.1 varnish',
102 silly get     age: '0',
102 silly get     connection: 'keep-alive',
102 silly get     'x-served-by': 'cache-sjc3637-SJC',
102 silly get     'x-cache': 'HIT',
102 silly get     'x-cache-hits': '1',
102 silly get     'x-timer': 'S1470021596.442789,VS0,VE31',
102 silly get     vary: 'Accept-Encoding' } ]
103 verbose get saving contextify to /home/ssun/.npm/registry.npmjs.org/contextify/.cache.json
104 silly resolveWithNewModule contextify@0.1.15 checking installable status
105 silly cache add args [ 'contextify@>= 0.1.9 < 0.2.0', null ]
106 verbose cache add spec contextify@>= 0.1.9 < 0.2.0
107 silly cache add parsed spec Result {
107 silly cache add   raw: 'contextify@>= 0.1.9 < 0.2.0',
107 silly cache add   scope: null,
107 silly cache add   name: 'contextify',
107 silly cache add   rawSpec: '>= 0.1.9 < 0.2.0',
107 silly cache add   spec: '>=0.1.9 <0.2.0',
107 silly cache add   type: 'range' }
108 silly addNamed contextify@>=0.1.9 <0.2.0
109 verbose addNamed ">=0.1.9 <0.2.0" is a valid semver range for contextify
110 silly addNameRange { name: 'contextify', range: '>=0.1.9 <0.2.0', hasData: false }
111 silly mapToRegistry name contextify
112 silly mapToRegistry using default registry
113 silly mapToRegistry registry https://registry.npmjs.org/
114 silly mapToRegistry uri https://registry.npmjs.org/contextify
115 verbose addNameRange registry:https://registry.npmjs.org/contextify not in flight; fetching
116 verbose get https://registry.npmjs.org/contextify not expired, no request
117 silly addNameRange number 2 { name: 'contextify', range: '>=0.1.9 <0.2.0', hasData: true }
118 silly addNameRange versions [ 'contextify',
118 silly addNameRange   [ '0.0.2',
118 silly addNameRange     '0.0.3',
118 silly addNameRange     '0.0.4',
118 silly addNameRange     '0.0.5',
118 silly addNameRange     '0.0.6',
118 silly addNameRange     '0.0.7',
118 silly addNameRange     '0.1.0',
118 silly addNameRange     '0.1.1',
118 silly addNameRange     '0.1.2',
118 silly addNameRange     '0.1.3',
118 silly addNameRange     '0.1.4',
118 silly addNameRange     '0.1.5',
118 silly addNameRange     '0.1.6',
118 silly addNameRange     '0.1.7',
118 silly addNameRange     '0.1.8',
118 silly addNameRange     '0.1.9',
118 silly addNameRange     '0.1.10',
118 silly addNameRange     '0.1.11',
118 silly addNameRange     '0.1.12',
118 silly addNameRange     '0.1.13',
118 silly addNameRange     '0.1.14',
118 silly addNameRange     '0.1.15' ] ]
119 silly addNamed contextify@0.1.15
120 verbose addNamed "0.1.15" is a plain semver version for contextify
121 silly cache afterAdd contextify@0.1.15
122 verbose afterAdd /home/ssun/.npm/contextify/0.1.15/package/package.json not in flight; writing
123 verbose afterAdd /home/ssun/.npm/contextify/0.1.15/package/package.json written
124 silly fetchNamedPackageData bindings
125 silly mapToRegistry name bindings
126 silly mapToRegistry using default registry
127 silly mapToRegistry registry https://registry.npmjs.org/
128 silly mapToRegistry uri https://registry.npmjs.org/bindings
129 silly fetchNamedPackageData nan
130 silly mapToRegistry name nan
131 silly mapToRegistry using default registry
132 silly mapToRegistry registry https://registry.npmjs.org/
133 silly mapToRegistry uri https://registry.npmjs.org/nan
134 verbose request uri https://registry.npmjs.org/bindings
135 verbose request no auth needed
136 info attempt registry request try #1 at 8:19:56 PM
137 verbose etag "33TX4J3DNTGF7K41ZUV6OA182"
138 http request GET https://registry.npmjs.org/bindings
139 verbose request uri https://registry.npmjs.org/nan
140 verbose request no auth needed
141 info attempt registry request try #1 at 8:19:56 PM
142 verbose etag "2E1V908MEG33STFNV1760SLVP"
143 http request GET https://registry.npmjs.org/nan
144 http 304 https://registry.npmjs.org/bindings
145 verbose headers { date: 'Mon, 01 Aug 2016 03:19:56 GMT',
145 verbose headers   via: '1.1 varnish',
145 verbose headers   'cache-control': 'max-age=300',
145 verbose headers   etag: '"33TX4J3DNTGF7K41ZUV6OA182"',
145 verbose headers   age: '220',
145 verbose headers   connection: 'keep-alive',
145 verbose headers   'x-served-by': 'cache-sjc3124-SJC',
145 verbose headers   'x-cache': 'HIT',
145 verbose headers   'x-cache-hits': '1',
145 verbose headers   'x-timer': 'S1470021596.568915,VS0,VE0',
145 verbose headers   vary: 'Accept-Encoding' }
146 silly get cb [ 304,
146 silly get   { date: 'Mon, 01 Aug 2016 03:19:56 GMT',
146 silly get     via: '1.1 varnish',
146 silly get     'cache-control': 'max-age=300',
146 silly get     etag: '"33TX4J3DNTGF7K41ZUV6OA182"',
146 silly get     age: '220',
146 silly get     connection: 'keep-alive',
146 silly get     'x-served-by': 'cache-sjc3124-SJC',
146 silly get     'x-cache': 'HIT',
146 silly get     'x-cache-hits': '1',
146 silly get     'x-timer': 'S1470021596.568915,VS0,VE0',
146 silly get     vary: 'Accept-Encoding' } ]
147 verbose etag https://registry.npmjs.org/bindings from cache
148 verbose get saving bindings to /home/ssun/.npm/registry.npmjs.org/bindings/.cache.json
149 silly resolveWithNewModule bindings@1.2.1 checking installable status
150 silly cache add args [ 'bindings@^1.2.1', null ]
151 verbose cache add spec bindings@^1.2.1
152 silly cache add parsed spec Result {
152 silly cache add   raw: 'bindings@^1.2.1',
152 silly cache add   scope: null,
152 silly cache add   name: 'bindings',
152 silly cache add   rawSpec: '^1.2.1',
152 silly cache add   spec: '>=1.2.1 <2.0.0',
152 silly cache add   type: 'range' }
153 silly addNamed bindings@>=1.2.1 <2.0.0
154 verbose addNamed ">=1.2.1 <2.0.0" is a valid semver range for bindings
155 silly addNameRange { name: 'bindings', range: '>=1.2.1 <2.0.0', hasData: false }
156 silly mapToRegistry name bindings
157 silly mapToRegistry using default registry
158 silly mapToRegistry registry https://registry.npmjs.org/
159 silly mapToRegistry uri https://registry.npmjs.org/bindings
160 verbose addNameRange registry:https://registry.npmjs.org/bindings not in flight; fetching
161 verbose get https://registry.npmjs.org/bindings not expired, no request
162 silly addNameRange number 2 { name: 'bindings', range: '>=1.2.1 <2.0.0', hasData: true }
163 silly addNameRange versions [ 'bindings',
163 silly addNameRange   [ '0.0.1',
163 silly addNameRange     '0.1.0',
163 silly addNameRange     '0.1.1',
163 silly addNameRange     '0.2.0',
163 silly addNameRange     '0.2.1',
163 silly addNameRange     '0.2.2',
163 silly addNameRange     '0.2.3',
163 silly addNameRange     '0.2.4',
163 silly addNameRange     '0.3.0',
163 silly addNameRange     '0.4.0',
163 silly addNameRange     '1.0.0',
163 silly addNameRange     '1.1.0',
163 silly addNameRange     '1.1.1',
163 silly addNameRange     '1.2.0',
163 silly addNameRange     '1.2.1' ] ]
164 silly addNamed bindings@1.2.1
165 verbose addNamed "1.2.1" is a plain semver version for bindings
166 silly cache afterAdd bindings@1.2.1
167 verbose afterAdd /home/ssun/.npm/bindings/1.2.1/package/package.json not in flight; writing
168 verbose afterAdd /home/ssun/.npm/bindings/1.2.1/package/package.json written
169 http 200 https://registry.npmjs.org/nan
170 verbose headers { server: 'CouchDB/1.6.1 (Erlang OTP/R16B03)',
170 verbose headers   etag: '"EGTR1APXEV7TH8V3QYT0WN357"',
170 verbose headers   'content-type': 'application/json',
170 verbose headers   'content-encoding': 'gzip',
170 verbose headers   'cache-control': 'max-age=300',
170 verbose headers   'content-length': '17128',
170 verbose headers   'accept-ranges': 'bytes',
170 verbose headers   date: 'Mon, 01 Aug 2016 03:19:56 GMT',
170 verbose headers   via: '1.1 varnish',
170 verbose headers   age: '220',
170 verbose headers   connection: 'keep-alive',
170 verbose headers   'x-served-by': 'cache-sjc3128-SJC',
170 verbose headers   'x-cache': 'HIT',
170 verbose headers   'x-cache-hits': '1',
170 verbose headers   'x-timer': 'S1470021596.571925,VS0,VE0',
170 verbose headers   vary: 'Accept-Encoding' }
171 silly get cb [ 200,
171 silly get   { server: 'CouchDB/1.6.1 (Erlang OTP/R16B03)',
171 silly get     etag: '"EGTR1APXEV7TH8V3QYT0WN357"',
171 silly get     'content-type': 'application/json',
171 silly get     'content-encoding': 'gzip',
171 silly get     'cache-control': 'max-age=300',
171 silly get     'content-length': '17128',
171 silly get     'accept-ranges': 'bytes',
171 silly get     date: 'Mon, 01 Aug 2016 03:19:56 GMT',
171 silly get     via: '1.1 varnish',
171 silly get     age: '220',
171 silly get     connection: 'keep-alive',
171 silly get     'x-served-by': 'cache-sjc3128-SJC',
171 silly get     'x-cache': 'HIT',
171 silly get     'x-cache-hits': '1',
171 silly get     'x-timer': 'S1470021596.571925,VS0,VE0',
171 silly get     vary: 'Accept-Encoding' } ]
172 verbose get saving nan to /home/ssun/.npm/registry.npmjs.org/nan/.cache.json
173 silly resolveWithNewModule nan@2.4.0 checking installable status
174 silly cache add args [ 'nan@^2.1.0', null ]
175 verbose cache add spec nan@^2.1.0
176 silly cache add parsed spec Result {
176 silly cache add   raw: 'nan@^2.1.0',
176 silly cache add   scope: null,
176 silly cache add   name: 'nan',
176 silly cache add   rawSpec: '^2.1.0',
176 silly cache add   spec: '>=2.1.0 <3.0.0',
176 silly cache add   type: 'range' }
177 silly addNamed nan@>=2.1.0 <3.0.0
178 verbose addNamed ">=2.1.0 <3.0.0" is a valid semver range for nan
179 silly addNameRange { name: 'nan', range: '>=2.1.0 <3.0.0', hasData: false }
180 silly mapToRegistry name nan
181 silly mapToRegistry using default registry
182 silly mapToRegistry registry https://registry.npmjs.org/
183 silly mapToRegistry uri https://registry.npmjs.org/nan
184 verbose addNameRange registry:https://registry.npmjs.org/nan not in flight; fetching
185 verbose get https://registry.npmjs.org/nan not expired, no request
186 silly addNameRange number 2 { name: 'nan', range: '>=2.1.0 <3.0.0', hasData: true }
187 silly addNameRange versions [ 'nan',
187 silly addNameRange   [ '0.3.0-wip',
187 silly addNameRange     '0.3.0-wip2',
187 silly addNameRange     '0.3.0',
187 silly addNameRange     '0.3.1',
187 silly addNameRange     '0.3.2',
187 silly addNameRange     '0.4.0',
187 silly addNameRange     '0.4.1',
187 silly addNameRange     '0.4.2',
187 silly addNameRange     '0.4.3',
187 silly addNameRange     '0.4.4',
187 silly addNameRange     '0.5.0',
187 silly addNameRange     '0.5.1',
187 silly addNameRange     '0.5.2',
187 silly addNameRange     '0.6.0',
187 silly addNameRange     '0.7.0',
187 silly addNameRange     '0.7.1',
187 silly addNameRange     '0.8.0',
187 silly addNameRange     '1.0.0',
187 silly addNameRange     '1.1.0',
187 silly addNameRange     '1.1.1',
187 silly addNameRange     '1.1.2',
187 silly addNameRange     '1.2.0',
187 silly addNameRange     '1.3.0',
187 silly addNameRange     '1.4.0',
187 silly addNameRange     '1.4.1',
187 silly addNameRange     '1.5.0',
187 silly addNameRange     '1.4.2',
187 silly addNameRange     '1.4.3',
187 silly addNameRange     '1.5.1',
187 silly addNameRange     '1.5.2',
187 silly addNameRange     '1.6.0',
187 silly addNameRange     '1.5.3',
187 silly addNameRange     '1.6.1',
187 silly addNameRange     '1.6.2',
187 silly addNameRange     '1.7.0',
187 silly addNameRange     '1.8.0',
187 silly addNameRange     '1.8.1',
187 silly addNameRange     '1.8.2',
187 silly addNameRange     '1.8.3',
187 silly addNameRange     '1.8.4',
187 silly addNameRange     '1.9.0',
187 silly addNameRange     '2.0.0',
187 silly addNameRange     '2.0.1',
187 silly addNameRange     '2.0.2',
187 silly addNameRange     '2.0.3',
187 silly addNameRange     '2.0.4',
187 silly addNameRange     '2.0.5',
187 silly addNameRange     '2.0.6',
187 silly addNameRange     '2.0.7',
187 silly addNameRange     '2.0.8',
187 silly addNameRange     '2.0.9',
187 silly addNameRange     '2.1.0',
187 silly addNameRange     '2.2.0',
187 silly addNameRange     '2.2.1',
187 silly addNameRange     '2.3.0',
187 silly addNameRange     '2.3.1',
187 silly addNameRange     '2.3.2',
187 silly addNameRange     '2.3.3',
187 silly addNameRange     '2.3.4',
187 silly addNameRange     '2.3.5',
187 silly addNameRange     '2.4.0' ] ]
188 silly addNamed nan@2.4.0
189 verbose addNamed "2.4.0" is a plain semver version for nan
190 silly cache afterAdd nan@2.4.0
191 verbose afterAdd /home/ssun/.npm/nan/2.4.0/package/package.json not in flight; writing
192 verbose afterAdd /home/ssun/.npm/nan/2.4.0/package/package.json written
193 silly loadAllDepsIntoIdealTree Finishing
194 silly idealTree:prePrune ssun
194 silly idealTree:prePrune ├── ansi-regex@2.0.0
194 silly idealTree:prePrune ├── ansi-styles@2.2.1
194 silly idealTree:prePrune ├── ansi@0.3.1
194 silly idealTree:prePrune ├── asap@2.0.4
194 silly idealTree:prePrune ├── asn1@0.2.3
194 silly idealTree:prePrune ├── assert-plus@0.2.0
194 silly idealTree:prePrune ├── async@1.5.2
194 silly idealTree:prePrune ├── aws-sign2@0.6.0
194 silly idealTree:prePrune ├── aws4@1.4.1
194 silly idealTree:prePrune ├── bindings@1.2.1
194 silly idealTree:prePrune ├─┬ bl@1.1.2
194 silly idealTree:prePrune │ └── readable-stream@2.0.6
194 silly idealTree:prePrune ├── bluebird@2.10.2
194 silly idealTree:prePrune ├── boom@2.10.1
194 silly idealTree:prePrune ├── browser-request@0.3.3
194 silly idealTree:prePrune ├── buffer-shims@1.0.0
194 silly idealTree:prePrune ├── caseless@0.11.0
194 silly idealTree:prePrune ├── chalk@1.1.3
194 silly idealTree:prePrune ├── combined-stream@1.0.5
194 silly idealTree:prePrune ├── commander@2.9.0
194 silly idealTree:prePrune ├── connect-livereload@0.5.4
194 silly idealTree:prePrune ├── connect@3.4.1
194 silly idealTree:prePrune ├── contextify@0.1.15
194 silly idealTree:prePrune ├── core-util-is@1.0.2
194 silly idealTree:prePrune ├── crc@3.2.1
194 silly idealTree:prePrune ├── cryptiles@2.0.5
194 silly idealTree:prePrune ├── cssom@0.3.1
194 silly idealTree:prePrune ├── cssstyle@0.2.36
194 silly idealTree:prePrune ├─┬ dashdash@1.14.0
194 silly idealTree:prePrune │ └── assert-plus@1.0.0
194 silly idealTree:prePrune ├── debug@2.2.0
194 silly idealTree:prePrune ├── delayed-stream@1.0.0
194 silly idealTree:prePrune ├── depd@1.0.1
194 silly idealTree:prePrune ├── destroy@1.0.3
194 silly idealTree:prePrune ├─┬ dom-serializer@0.1.0
194 silly idealTree:prePrune │ └── domelementtype@1.1.3
194 silly idealTree:prePrune ├── domelementtype@1.3.0
194 silly idealTree:prePrune ├── domhandler@2.3.0
194 silly idealTree:prePrune ├── domutils@1.5.1
194 silly idealTree:prePrune ├── ecc-jsbn@0.1.1
194 silly idealTree:prePrune ├── ee-first@1.1.1
194 silly idealTree:prePrune ├── entities@1.1.1
194 silly idealTree:prePrune ├── errno@0.1.4
194 silly idealTree:prePrune ├── escape-html@1.0.3
194 silly idealTree:prePrune ├── escape-string-regexp@1.0.5
194 silly idealTree:prePrune ├── etag@1.5.1
194 silly idealTree:prePrune ├── extend@3.0.0
194 silly idealTree:prePrune ├── extsprintf@1.0.2
194 silly idealTree:prePrune ├── finalhandler@0.4.1
194 silly idealTree:prePrune ├── forever-agent@0.6.1
194 silly idealTree:prePrune ├── form-data@1.0.0-rc4
194 silly idealTree:prePrune ├── fresh@0.2.4
194 silly idealTree:prePrune ├── generate-function@2.0.0
194 silly idealTree:prePrune ├── generate-object-property@1.2.0
194 silly idealTree:prePrune ├─┬ getpass@0.1.6
194 silly idealTree:prePrune │ └── assert-plus@1.0.0
194 silly idealTree:prePrune ├── graceful-fs@4.1.4
194 silly idealTree:prePrune ├── graceful-readlink@1.0.1
194 silly idealTree:prePrune ├── har-validator@2.0.6
194 silly idealTree:prePrune ├── has-ansi@2.0.0
194 silly idealTree:prePrune ├── hawk@3.1.3
194 silly idealTree:prePrune ├── hoek@2.16.3
194 silly idealTree:prePrune ├── htmlparser2@3.9.1
194 silly idealTree:prePrune ├── http-signature@1.1.1
194 silly idealTree:prePrune ├── image-size@0.5.0
194 silly idealTree:prePrune ├── inherits@2.0.1
194 silly idealTree:prePrune ├── is-my-json-valid@2.13.1
194 silly idealTree:prePrune ├── is-property@1.0.2
194 silly idealTree:prePrune ├── is-typedarray@1.0.0
194 silly idealTree:prePrune ├── isarray@1.0.0
194 silly idealTree:prePrune ├── isstream@0.1.2
194 silly idealTree:prePrune ├── jodid25519@1.0.2
194 silly idealTree:prePrune ├── jsbn@0.1.0
194 silly idealTree:prePrune ├── jsdom@2.0.0
194 silly idealTree:prePrune ├── json-schema@0.2.2
194 silly idealTree:prePrune ├── json-stringify-safe@5.0.1
194 silly idealTree:prePrune ├── jsonpointer@2.0.0
194 silly idealTree:prePrune ├── jsprim@1.3.0
194 silly idealTree:prePrune ├── less@2.7.1
194 silly idealTree:prePrune ├── livereload-js@2.2.2
194 silly idealTree:prePrune ├── livereload@0.3.7
194 silly idealTree:prePrune ├── marked@0.3.2
194 silly idealTree:prePrune ├── markserv@0.0.17
194 silly idealTree:prePrune ├── mime-db@1.23.0
194 silly idealTree:prePrune ├── mime-types@2.1.11
194 silly idealTree:prePrune ├── mime@1.3.4
194 silly idealTree:prePrune ├── minimist@0.0.8
194 silly idealTree:prePrune ├── mkdirp@0.5.1
194 silly idealTree:prePrune ├── ms@0.7.1
194 silly idealTree:prePrune ├── nan@2.4.0
194 silly idealTree:prePrune ├── node-uuid@1.4.7
194 silly idealTree:prePrune ├── nwmatcher@1.3.8
194 silly idealTree:prePrune ├── oauth-sign@0.8.2
194 silly idealTree:prePrune ├── on-finished@2.3.0
194 silly idealTree:prePrune ├── open@0.0.5
194 silly idealTree:prePrune ├── openport@0.0.3
194 silly idealTree:prePrune ├── options@0.0.6
194 silly idealTree:prePrune ├── opts@1.2.2
194 silly idealTree:prePrune ├── parse5@1.5.1
194 silly idealTree:prePrune ├── parseurl@1.3.1
194 silly idealTree:prePrune ├── pinkie-promise@2.0.1
194 silly idealTree:prePrune ├── pinkie@2.0.4
194 silly idealTree:prePrune ├── process-nextick-args@1.0.7
194 silly idealTree:prePrune ├── promise@7.1.1
194 silly idealTree:prePrune ├── prr@0.0.0
194 silly idealTree:prePrune ├── qs@6.2.1
194 silly idealTree:prePrune ├── range-parser@1.0.3
194 silly idealTree:prePrune ├── readable-stream@2.1.4
194 silly idealTree:prePrune ├── request@2.73.0
194 silly idealTree:prePrune ├─┬ send@0.10.1
194 silly idealTree:prePrune │ ├─┬ debug@2.1.3
194 silly idealTree:prePrune │ │ └── ms@0.7.0
194 silly idealTree:prePrune │ ├── ee-first@1.1.0
194 silly idealTree:prePrune │ ├── escape-html@1.0.1
194 silly idealTree:prePrune │ ├── mime@1.2.11
194 silly idealTree:prePrune │ ├── ms@0.6.2
194 silly idealTree:prePrune │ └── on-finished@2.1.1
194 silly idealTree:prePrune ├── sntp@1.0.9
194 silly idealTree:prePrune ├── source-map@0.5.6
194 silly idealTree:prePrune ├─┬ sshpk@1.8.3
194 silly idealTree:prePrune │ └── assert-plus@1.0.0
194 silly idealTree:prePrune ├── string_decoder@0.10.31
194 silly idealTree:prePrune ├── stringstream@0.0.5
194 silly idealTree:prePrune ├── strip-ansi@3.0.1
194 silly idealTree:prePrune ├── supports-color@2.0.0
194 silly idealTree:prePrune ├── tinycolor@0.0.1
194 silly idealTree:prePrune ├── tough-cookie@2.2.2
194 silly idealTree:prePrune ├── tunnel-agent@0.4.3
194 silly idealTree:prePrune ├── tweetnacl@0.13.3
194 silly idealTree:prePrune ├── unpipe@1.0.0
194 silly idealTree:prePrune ├── util-deprecate@1.0.2
194 silly idealTree:prePrune ├── utils-merge@1.0.0
194 silly idealTree:prePrune ├── verror@1.3.6
194 silly idealTree:prePrune ├── websocket.io@0.2.1
194 silly idealTree:prePrune ├─┬ ws@0.4.20
194 silly idealTree:prePrune │ └── commander@0.6.1
194 silly idealTree:prePrune ├── xmlhttprequest@1.8.0
194 silly idealTree:prePrune └── xtend@4.0.1
195 silly loadIdealTree Finishing
196 silly currentTree ssun
196 silly currentTree ├── ansi-regex@2.0.0
196 silly currentTree ├── ansi-styles@2.2.1
196 silly currentTree ├── ansi@0.3.1
196 silly currentTree ├── asap@2.0.4
196 silly currentTree ├── asn1@0.2.3
196 silly currentTree ├── assert-plus@0.2.0
196 silly currentTree ├── async@1.5.2
196 silly currentTree ├── aws-sign2@0.6.0
196 silly currentTree ├── aws4@1.4.1
196 silly currentTree ├─┬ bl@1.1.2
196 silly currentTree │ └── readable-stream@2.0.6
196 silly currentTree ├── bluebird@2.10.2
196 silly currentTree ├── boom@2.10.1
196 silly currentTree ├── browser-request@0.3.3
196 silly currentTree ├── buffer-shims@1.0.0
196 silly currentTree ├── caseless@0.11.0
196 silly currentTree ├── chalk@1.1.3
196 silly currentTree ├── combined-stream@1.0.5
196 silly currentTree ├── commander@2.9.0
196 silly currentTree ├── connect-livereload@0.5.4
196 silly currentTree ├── connect@3.4.1
196 silly currentTree ├── core-util-is@1.0.2
196 silly currentTree ├── crc@3.2.1
196 silly currentTree ├── cryptiles@2.0.5
196 silly currentTree ├── cssom@0.3.1
196 silly currentTree ├── cssstyle@0.2.36
196 silly currentTree ├─┬ dashdash@1.14.0
196 silly currentTree │ └── assert-plus@1.0.0
196 silly currentTree ├── debug@2.2.0
196 silly currentTree ├── delayed-stream@1.0.0
196 silly currentTree ├── depd@1.0.1
196 silly currentTree ├── destroy@1.0.3
196 silly currentTree ├─┬ dom-serializer@0.1.0
196 silly currentTree │ └── domelementtype@1.1.3
196 silly currentTree ├── domelementtype@1.3.0
196 silly currentTree ├── domhandler@2.3.0
196 silly currentTree ├── domutils@1.5.1
196 silly currentTree ├── ecc-jsbn@0.1.1
196 silly currentTree ├── ee-first@1.1.1
196 silly currentTree ├── entities@1.1.1
196 silly currentTree ├── errno@0.1.4
196 silly currentTree ├── escape-html@1.0.3
196 silly currentTree ├── escape-string-regexp@1.0.5
196 silly currentTree ├── etag@1.5.1
196 silly currentTree ├── extend@3.0.0
196 silly currentTree ├── extsprintf@1.0.2
196 silly currentTree ├── finalhandler@0.4.1
196 silly currentTree ├── forever-agent@0.6.1
196 silly currentTree ├── form-data@1.0.0-rc4
196 silly currentTree ├── fresh@0.2.4
196 silly currentTree ├── generate-function@2.0.0
196 silly currentTree ├── generate-object-property@1.2.0
196 silly currentTree ├─┬ getpass@0.1.6
196 silly currentTree │ └── assert-plus@1.0.0
196 silly currentTree ├── graceful-fs@4.1.4
196 silly currentTree ├── graceful-readlink@1.0.1
196 silly currentTree ├── har-validator@2.0.6
196 silly currentTree ├── has-ansi@2.0.0
196 silly currentTree ├── hawk@3.1.3
196 silly currentTree ├── hoek@2.16.3
196 silly currentTree ├── htmlparser2@3.9.1
196 silly currentTree ├── http-signature@1.1.1
196 silly currentTree ├── image-size@0.5.0
196 silly currentTree ├── inherits@2.0.1
196 silly currentTree ├── is-my-json-valid@2.13.1
196 silly currentTree ├── is-property@1.0.2
196 silly currentTree ├── is-typedarray@1.0.0
196 silly currentTree ├── isarray@1.0.0
196 silly currentTree ├── isstream@0.1.2
196 silly currentTree ├── jodid25519@1.0.2
196 silly currentTree ├── jsbn@0.1.0
196 silly currentTree ├── json-schema@0.2.2
196 silly currentTree ├── json-stringify-safe@5.0.1
196 silly currentTree ├── jsonpointer@2.0.0
196 silly currentTree ├── jsprim@1.3.0
196 silly currentTree ├── less@2.7.1
196 silly currentTree ├── livereload-js@2.2.2
196 silly currentTree ├── livereload@0.3.7
196 silly currentTree ├── marked@0.3.2
196 silly currentTree ├── mime-db@1.23.0
196 silly currentTree ├── mime-types@2.1.11
196 silly currentTree ├── mime@1.3.4
196 silly currentTree ├── minimist@0.0.8
196 silly currentTree ├── mkdirp@0.5.1
196 silly currentTree ├── ms@0.7.1
196 silly currentTree ├── node-uuid@1.4.7
196 silly currentTree ├── nwmatcher@1.3.8
196 silly currentTree ├── oauth-sign@0.8.2
196 silly currentTree ├── on-finished@2.3.0
196 silly currentTree ├── open@0.0.5
196 silly currentTree ├── openport@0.0.3
196 silly currentTree ├── options@0.0.6
196 silly currentTree ├── opts@1.2.2
196 silly currentTree ├── parse5@1.5.1
196 silly currentTree ├── parseurl@1.3.1
196 silly currentTree ├── pinkie-promise@2.0.1
196 silly currentTree ├── pinkie@2.0.4
196 silly currentTree ├── process-nextick-args@1.0.7
196 silly currentTree ├── promise@7.1.1
196 silly currentTree ├── prr@0.0.0
196 silly currentTree ├── qs@6.2.1
196 silly currentTree ├── range-parser@1.0.3
196 silly currentTree ├── readable-stream@2.1.4
196 silly currentTree ├── request@2.73.0
196 silly currentTree ├─┬ send@0.10.1
196 silly currentTree │ ├─┬ debug@2.1.3
196 silly currentTree │ │ └── ms@0.7.0
196 silly currentTree │ ├── ee-first@1.1.0
196 silly currentTree │ ├── escape-html@1.0.1
196 silly currentTree │ ├── mime@1.2.11
196 silly currentTree │ ├── ms@0.6.2
196 silly currentTree │ └── on-finished@2.1.1
196 silly currentTree ├── sntp@1.0.9
196 silly currentTree ├── source-map@0.5.6
196 silly currentTree ├─┬ sshpk@1.8.3
196 silly currentTree │ └── assert-plus@1.0.0
196 silly currentTree ├── string_decoder@0.10.31
196 silly currentTree ├── stringstream@0.0.5
196 silly currentTree ├── strip-ansi@3.0.1
196 silly currentTree ├── supports-color@2.0.0
196 silly currentTree ├── tinycolor@0.0.1
196 silly currentTree ├── tough-cookie@2.2.2
196 silly currentTree ├── tunnel-agent@0.4.3
196 silly currentTree ├── tweetnacl@0.13.3
196 silly currentTree ├── unpipe@1.0.0
196 silly currentTree ├── util-deprecate@1.0.2
196 silly currentTree ├── utils-merge@1.0.0
196 silly currentTree ├── verror@1.3.6
196 silly currentTree ├── websocket.io@0.2.1
196 silly currentTree ├─┬ ws@0.4.20
196 silly currentTree │ └── commander@0.6.1
196 silly currentTree ├── xmlhttprequest@1.8.0
196 silly currentTree └── xtend@4.0.1
197 silly idealTree ssun
197 silly idealTree ├── ansi-regex@2.0.0
197 silly idealTree ├── ansi-styles@2.2.1
197 silly idealTree ├── ansi@0.3.1
197 silly idealTree ├── asap@2.0.4
197 silly idealTree ├── asn1@0.2.3
197 silly idealTree ├── assert-plus@0.2.0
197 silly idealTree ├── async@1.5.2
197 silly idealTree ├── aws-sign2@0.6.0
197 silly idealTree ├── aws4@1.4.1
197 silly idealTree ├── bindings@1.2.1
197 silly idealTree ├─┬ bl@1.1.2
197 silly idealTree │ └── readable-stream@2.0.6
197 silly idealTree ├── bluebird@2.10.2
197 silly idealTree ├── boom@2.10.1
197 silly idealTree ├── browser-request@0.3.3
197 silly idealTree ├── buffer-shims@1.0.0
197 silly idealTree ├── caseless@0.11.0
197 silly idealTree ├── chalk@1.1.3
197 silly idealTree ├── combined-stream@1.0.5
197 silly idealTree ├── commander@2.9.0
197 silly idealTree ├── connect-livereload@0.5.4
197 silly idealTree ├── connect@3.4.1
197 silly idealTree ├── contextify@0.1.15
197 silly idealTree ├── core-util-is@1.0.2
197 silly idealTree ├── crc@3.2.1
197 silly idealTree ├── cryptiles@2.0.5
197 silly idealTree ├── cssom@0.3.1
197 silly idealTree ├── cssstyle@0.2.36
197 silly idealTree ├─┬ dashdash@1.14.0
197 silly idealTree │ └── assert-plus@1.0.0
197 silly idealTree ├── debug@2.2.0
197 silly idealTree ├── delayed-stream@1.0.0
197 silly idealTree ├── depd@1.0.1
197 silly idealTree ├── destroy@1.0.3
197 silly idealTree ├─┬ dom-serializer@0.1.0
197 silly idealTree │ └── domelementtype@1.1.3
197 silly idealTree ├── domelementtype@1.3.0
197 silly idealTree ├── domhandler@2.3.0
197 silly idealTree ├── domutils@1.5.1
197 silly idealTree ├── ecc-jsbn@0.1.1
197 silly idealTree ├── ee-first@1.1.1
197 silly idealTree ├── entities@1.1.1
197 silly idealTree ├── errno@0.1.4
197 silly idealTree ├── escape-html@1.0.3
197 silly idealTree ├── escape-string-regexp@1.0.5
197 silly idealTree ├── etag@1.5.1
197 silly idealTree ├── extend@3.0.0
197 silly idealTree ├── extsprintf@1.0.2
197 silly idealTree ├── finalhandler@0.4.1
197 silly idealTree ├── forever-agent@0.6.1
197 silly idealTree ├── form-data@1.0.0-rc4
197 silly idealTree ├── fresh@0.2.4
197 silly idealTree ├── generate-function@2.0.0
197 silly idealTree ├── generate-object-property@1.2.0
197 silly idealTree ├─┬ getpass@0.1.6
197 silly idealTree │ └── assert-plus@1.0.0
197 silly idealTree ├── graceful-fs@4.1.4
197 silly idealTree ├── graceful-readlink@1.0.1
197 silly idealTree ├── har-validator@2.0.6
197 silly idealTree ├── has-ansi@2.0.0
197 silly idealTree ├── hawk@3.1.3
197 silly idealTree ├── hoek@2.16.3
197 silly idealTree ├── htmlparser2@3.9.1
197 silly idealTree ├── http-signature@1.1.1
197 silly idealTree ├── image-size@0.5.0
197 silly idealTree ├── inherits@2.0.1
197 silly idealTree ├── is-my-json-valid@2.13.1
197 silly idealTree ├── is-property@1.0.2
197 silly idealTree ├── is-typedarray@1.0.0
197 silly idealTree ├── isarray@1.0.0
197 silly idealTree ├── isstream@0.1.2
197 silly idealTree ├── jodid25519@1.0.2
197 silly idealTree ├── jsbn@0.1.0
197 silly idealTree ├── jsdom@2.0.0
197 silly idealTree ├── json-schema@0.2.2
197 silly idealTree ├── json-stringify-safe@5.0.1
197 silly idealTree ├── jsonpointer@2.0.0
197 silly idealTree ├── jsprim@1.3.0
197 silly idealTree ├── less@2.7.1
197 silly idealTree ├── livereload-js@2.2.2
197 silly idealTree ├── livereload@0.3.7
197 silly idealTree ├── marked@0.3.2
197 silly idealTree ├── markserv@0.0.17
197 silly idealTree ├── mime-db@1.23.0
197 silly idealTree ├── mime-types@2.1.11
197 silly idealTree ├── mime@1.3.4
197 silly idealTree ├── minimist@0.0.8
197 silly idealTree ├── mkdirp@0.5.1
197 silly idealTree ├── ms@0.7.1
197 silly idealTree ├── nan@2.4.0
197 silly idealTree ├── node-uuid@1.4.7
197 silly idealTree ├── nwmatcher@1.3.8
197 silly idealTree ├── oauth-sign@0.8.2
197 silly idealTree ├── on-finished@2.3.0
197 silly idealTree ├── open@0.0.5
197 silly idealTree ├── openport@0.0.3
197 silly idealTree ├── options@0.0.6
197 silly idealTree ├── opts@1.2.2
197 silly idealTree ├── parse5@1.5.1
197 silly idealTree ├── parseurl@1.3.1
197 silly idealTree ├── pinkie-promise@2.0.1
197 silly idealTree ├── pinkie@2.0.4
197 silly idealTree ├── process-nextick-args@1.0.7
197 silly idealTree ├── promise@7.1.1
197 silly idealTree ├── prr@0.0.0
197 silly idealTree ├── qs@6.2.1
197 silly idealTree ├── range-parser@1.0.3
197 silly idealTree ├── readable-stream@2.1.4
197 silly idealTree ├── request@2.73.0
197 silly idealTree ├─┬ send@0.10.1
197 silly idealTree │ ├─┬ debug@2.1.3
197 silly idealTree │ │ └── ms@0.7.0
197 silly idealTree │ ├── ee-first@1.1.0
197 silly idealTree │ ├── escape-html@1.0.1
197 silly idealTree │ ├── mime@1.2.11
197 silly idealTree │ ├── ms@0.6.2
197 silly idealTree │ └── on-finished@2.1.1
197 silly idealTree ├── sntp@1.0.9
197 silly idealTree ├── source-map@0.5.6
197 silly idealTree ├─┬ sshpk@1.8.3
197 silly idealTree │ └── assert-plus@1.0.0
197 silly idealTree ├── string_decoder@0.10.31
197 silly idealTree ├── stringstream@0.0.5
197 silly idealTree ├── strip-ansi@3.0.1
197 silly idealTree ├── supports-color@2.0.0
197 silly idealTree ├── tinycolor@0.0.1
197 silly idealTree ├── tough-cookie@2.2.2
197 silly idealTree ├── tunnel-agent@0.4.3
197 silly idealTree ├── tweetnacl@0.13.3
197 silly idealTree ├── unpipe@1.0.0
197 silly idealTree ├── util-deprecate@1.0.2
197 silly idealTree ├── utils-merge@1.0.0
197 silly idealTree ├── verror@1.3.6
197 silly idealTree ├── websocket.io@0.2.1
197 silly idealTree ├─┬ ws@0.4.20
197 silly idealTree │ └── commander@0.6.1
197 silly idealTree ├── xmlhttprequest@1.8.0
197 silly idealTree └── xtend@4.0.1
198 silly generateActionsToTake Starting
199 silly install generateActionsToTake
200 silly generateActionsToTake Finishing
201 silly diffTrees action count 5
202 silly diffTrees add bindings@1.2.1
203 silly diffTrees add nan@2.4.0
204 silly diffTrees add contextify@0.1.15
205 silly diffTrees add jsdom@2.0.0
206 silly diffTrees add markserv@0.0.17
207 silly decomposeActions action count 40
208 silly decomposeActions fetch bindings@1.2.1
209 silly decomposeActions extract bindings@1.2.1
210 silly decomposeActions test bindings@1.2.1
211 silly decomposeActions preinstall bindings@1.2.1
212 silly decomposeActions build bindings@1.2.1
213 silly decomposeActions install bindings@1.2.1
214 silly decomposeActions postinstall bindings@1.2.1
215 silly decomposeActions finalize bindings@1.2.1
216 silly decomposeActions fetch nan@2.4.0
217 silly decomposeActions extract nan@2.4.0
218 silly decomposeActions test nan@2.4.0
219 silly decomposeActions preinstall nan@2.4.0
220 silly decomposeActions build nan@2.4.0
221 silly decomposeActions install nan@2.4.0
222 silly decomposeActions postinstall nan@2.4.0
223 silly decomposeActions finalize nan@2.4.0
224 silly decomposeActions fetch contextify@0.1.15
225 silly decomposeActions extract contextify@0.1.15
226 silly decomposeActions test contextify@0.1.15
227 silly decomposeActions preinstall contextify@0.1.15
228 silly decomposeActions build contextify@0.1.15
229 silly decomposeActions install contextify@0.1.15
230 silly decomposeActions postinstall contextify@0.1.15
231 silly decomposeActions finalize contextify@0.1.15
232 silly decomposeActions fetch jsdom@2.0.0
233 silly decomposeActions extract jsdom@2.0.0
234 silly decomposeActions test jsdom@2.0.0
235 silly decomposeActions preinstall jsdom@2.0.0
236 silly decomposeActions build jsdom@2.0.0
237 silly decomposeActions install jsdom@2.0.0
238 silly decomposeActions postinstall jsdom@2.0.0
239 silly decomposeActions finalize jsdom@2.0.0
240 silly decomposeActions fetch markserv@0.0.17
241 silly decomposeActions extract markserv@0.0.17
242 silly decomposeActions test markserv@0.0.17
243 silly decomposeActions preinstall markserv@0.0.17
244 silly decomposeActions build markserv@0.0.17
245 silly decomposeActions install markserv@0.0.17
246 silly decomposeActions postinstall markserv@0.0.17
247 silly decomposeActions finalize markserv@0.0.17
248 silly executeActions Starting
249 silly install executeActions
250 silly doSerial global-install 0
251 silly doParallel fetch 5
252 verbose lock using /home/ssun/.npm/_locks/staging-7fd2ce21002bf172.lock for /home/ssun/node_modules/.staging
253 silly doParallel extract 5
254 silly extract bindings@1.2.1
255 silly extract nan@2.4.0
256 silly extract contextify@0.1.15
257 silly extract jsdom@2.0.0
258 silly extract markserv@0.0.17
259 verbose unbuild node_modules/.staging/bindings-2c720cca
260 verbose unbuild node_modules/.staging/nan-efb21560
261 verbose unbuild node_modules/.staging/contextify-082b5496
262 verbose unbuild node_modules/.staging/jsdom-7629b900
263 verbose unbuild node_modules/.staging/markserv-105694ba
264 silly gentlyRm /home/ssun/node_modules/.staging/bindings-2c720cca is being purged from base /home/ssun
265 verbose gentlyRm don't care about contents; nuking /home/ssun/node_modules/.staging/bindings-2c720cca
266 silly gentlyRm /home/ssun/node_modules/.staging/nan-efb21560 is being purged from base /home/ssun
267 verbose gentlyRm don't care about contents; nuking /home/ssun/node_modules/.staging/nan-efb21560
268 silly gentlyRm /home/ssun/node_modules/.staging/contextify-082b5496 is being purged from base /home/ssun
269 verbose gentlyRm don't care about contents; nuking /home/ssun/node_modules/.staging/contextify-082b5496
270 silly gentlyRm /home/ssun/node_modules/.staging/jsdom-7629b900 is being purged from base /home/ssun
271 verbose gentlyRm don't care about contents; nuking /home/ssun/node_modules/.staging/jsdom-7629b900
272 verbose tar unpack /home/ssun/.npm/bindings/1.2.1/package.tgz
273 verbose tar unpacking to /home/ssun/node_modules/.staging/bindings-2c720cca
274 silly gentlyRm /home/ssun/node_modules/.staging/bindings-2c720cca is being purged
275 verbose gentlyRm don't care about contents; nuking /home/ssun/node_modules/.staging/bindings-2c720cca
276 verbose tar unpack /home/ssun/.npm/nan/2.4.0/package.tgz
277 verbose tar unpacking to /home/ssun/node_modules/.staging/nan-efb21560
278 silly gentlyRm /home/ssun/node_modules/.staging/nan-efb21560 is being purged
279 verbose gentlyRm don't care about contents; nuking /home/ssun/node_modules/.staging/nan-efb21560
280 verbose tar unpack /home/ssun/.npm/contextify/0.1.15/package.tgz
281 verbose tar unpacking to /home/ssun/node_modules/.staging/contextify-082b5496
282 silly gentlyRm /home/ssun/node_modules/.staging/contextify-082b5496 is being purged
283 verbose gentlyRm don't care about contents; nuking /home/ssun/node_modules/.staging/contextify-082b5496
284 verbose tar unpack /home/ssun/.npm/jsdom/2.0.0/package.tgz
285 verbose tar unpacking to /home/ssun/node_modules/.staging/jsdom-7629b900
286 silly gentlyRm /home/ssun/node_modules/.staging/jsdom-7629b900 is being purged
287 verbose gentlyRm don't care about contents; nuking /home/ssun/node_modules/.staging/jsdom-7629b900
288 silly gentlyRm /home/ssun/node_modules/.staging/markserv-105694ba is being purged from base /home/ssun
289 verbose gentlyRm don't care about contents; nuking /home/ssun/node_modules/.staging/markserv-105694ba
290 silly gunzTarPerm modes [ '775', '664' ]
291 silly gunzTarPerm modes [ '775', '664' ]
292 silly gunzTarPerm modes [ '775', '664' ]
293 silly gunzTarPerm modes [ '775', '664' ]
294 verbose tar unpack /home/ssun/.npm/markserv/0.0.17/package.tgz
295 verbose tar unpacking to /home/ssun/node_modules/.staging/markserv-105694ba
296 silly gentlyRm /home/ssun/node_modules/.staging/markserv-105694ba is being purged
297 verbose gentlyRm don't care about contents; nuking /home/ssun/node_modules/.staging/markserv-105694ba
298 silly gunzTarPerm modes [ '775', '664' ]
299 silly gunzTarPerm extractEntry package.json
300 silly gunzTarPerm modified mode [ 'package.json', 420, 436 ]
301 silly gunzTarPerm extractEntry package.json
302 silly gunzTarPerm extractEntry package.json
303 silly gunzTarPerm modified mode [ 'package.json', 420, 436 ]
304 silly gunzTarPerm extractEntry package.json
305 silly gunzTarPerm modified mode [ 'package.json', 438, 436 ]
306 silly gunzTarPerm extractEntry package.json
307 silly gunzTarPerm modified mode [ 'package.json', 420, 436 ]
308 silly gunzTarPerm extractEntry README.md
309 silly gunzTarPerm modified mode [ 'README.md', 420, 436 ]
310 silly gunzTarPerm extractEntry bindings.js
311 silly gunzTarPerm modified mode [ 'bindings.js', 420, 436 ]
312 silly gunzTarPerm extractEntry README.md
313 silly gunzTarPerm extractEntry include_dirs.js
314 silly gunzTarPerm extractEntry .npmignore
315 silly gunzTarPerm modified mode [ '.npmignore', 420, 436 ]
316 silly gunzTarPerm extractEntry README.md
317 silly gunzTarPerm modified mode [ 'README.md', 420, 436 ]
318 silly gunzTarPerm extractEntry README.md
319 silly gunzTarPerm modified mode [ 'README.md', 438, 436 ]
320 silly gunzTarPerm extractEntry lib/README.md
321 silly gunzTarPerm modified mode [ 'lib/README.md', 438, 436 ]
322 silly gunzTarPerm extractEntry .npmignore
323 silly gunzTarPerm modified mode [ '.npmignore', 420, 436 ]
324 silly gunzTarPerm extractEntry README.md
325 silly gunzTarPerm modified mode [ 'README.md', 420, 436 ]
326 silly gunzTarPerm extractEntry nan_callbacks_pre_12_inl.h
327 silly gunzTarPerm extractEntry CHANGELOG.md
328 silly gunzTarPerm extractEntry LICENSE.md
329 silly gunzTarPerm extractEntry .travis.yml
330 silly gunzTarPerm modified mode [ '.travis.yml', 420, 436 ]
331 silly gunzTarPerm extractEntry LICENSE.txt
332 silly gunzTarPerm modified mode [ 'LICENSE.txt', 420, 436 ]
333 silly gunzTarPerm extractEntry lib/jsdom.js
334 silly gunzTarPerm modified mode [ 'lib/jsdom.js', 438, 436 ]
335 silly gunzTarPerm extractEntry lib/jsdom/contextify-shim.js
336 silly gunzTarPerm modified mode [ 'lib/jsdom/contextify-shim.js', 438, 436 ]
337 silly gunzTarPerm extractEntry LICENSE
338 silly gunzTarPerm modified mode [ 'LICENSE', 420, 436 ]
339 silly gunzTarPerm extractEntry server.js
340 silly gunzTarPerm modified mode [ 'server.js', 420, 436 ]
341 silly gunzTarPerm extractEntry doc/node_misc.md
342 silly gunzTarPerm extractEntry .dntrc
343 silly gunzTarPerm modified mode [ '.dntrc', 420, 436 ]
344 silly gunzTarPerm extractEntry binding.gyp
345 silly gunzTarPerm modified mode [ 'binding.gyp', 420, 436 ]
346 silly gunzTarPerm extractEntry lib/jsdom/utils.js
347 silly gunzTarPerm modified mode [ 'lib/jsdom/utils.js', 438, 436 ]
348 silly gunzTarPerm extractEntry lib/jsdom/browser/Window.js
349 silly gunzTarPerm modified mode [ 'lib/jsdom/browser/Window.js', 438, 436 ]
350 silly gunzTarPerm extractEntry Linked-Markdown-Example.md
351 silly gunzTarPerm extractEntry doc/asyncworker.md
352 silly gunzTarPerm extractEntry doc/callback.md
353 silly gunzTarPerm extractEntry changelog
354 silly gunzTarPerm modified mode [ 'changelog', 420, 436 ]
355 silly gunzTarPerm extractEntry lib/contextify.js
356 silly gunzTarPerm modified mode [ 'lib/contextify.js', 420, 436 ]
357 silly gunzTarPerm extractEntry test/contextify.js
358 silly gunzTarPerm modified mode [ 'test/contextify.js', 420, 436 ]
359 silly gunzTarPerm extractEntry src/contextify.cc
360 silly gunzTarPerm modified mode [ 'src/contextify.cc', 420, 436 ]
361 silly gunzTarPerm extractEntry wscript
362 silly gunzTarPerm modified mode [ 'wscript', 420, 436 ]
363 silly gunzTarPerm extractEntry doc/converters.md
364 silly gunzTarPerm extractEntry doc/errors.md
365 silly gunzTarPerm extractEntry lib/jsdom/browser/documentAdapter.js
366 silly gunzTarPerm modified mode [ 'lib/jsdom/browser/documentAdapter.js', 438, 436 ]
367 silly gunzTarPerm extractEntry lib/jsdom/browser/documentfeatures.js
368 silly gunzTarPerm modified mode [ 'lib/jsdom/browser/documentfeatures.js', 438, 436 ]
369 silly gunzTarPerm extractEntry less/custom.less
370 silly gunzTarPerm modified mode [ 'less/custom.less', 420, 436 ]
371 silly gunzTarPerm extractEntry less/github.less
372 silly gunzTarPerm modified mode [ 'less/github.less', 420, 436 ]
373 silly gunzTarPerm extractEntry lib/jsdom/browser/domtohtml.js
374 silly gunzTarPerm modified mode [ 'lib/jsdom/browser/domtohtml.js', 438, 436 ]
375 silly gunzTarPerm extractEntry lib/jsdom/browser/history.js
376 silly gunzTarPerm modified mode [ 'lib/jsdom/browser/history.js', 438, 436 ]
377 silly gunzTarPerm extractEntry doc/maybe_types.md
378 silly gunzTarPerm extractEntry doc/methods.md
379 silly gunzTarPerm extractEntry script/jquery-2.1.1.min.js
380 silly gunzTarPerm modified mode [ 'script/jquery-2.1.1.min.js', 420, 436 ]
381 silly gunzTarPerm extractEntry script/script.js
382 silly gunzTarPerm modified mode [ 'script/script.js', 420, 436 ]
383 silly gentlyRm /home/ssun/node_modules/.staging/bindings-2c720cca/node_modules is being purged
384 verbose gentlyRm don't care about contents; nuking /home/ssun/node_modules/.staging/bindings-2c720cca/node_modules
385 silly gunzTarPerm extractEntry doc/new.md
386 silly gunzTarPerm extractEntry doc/buffers.md
387 silly gunzTarPerm extractEntry lib/jsdom/browser/htmltodom.js
388 silly gunzTarPerm modified mode [ 'lib/jsdom/browser/htmltodom.js', 438, 436 ]
389 silly gunzTarPerm extractEntry lib/jsdom/browser/index.js
390 silly gunzTarPerm modified mode [ 'lib/jsdom/browser/index.js', 438, 436 ]
391 silly gunzTarPerm extractEntry examples/syntax-highlighting.md
392 silly gunzTarPerm extractEntry doc/object_wrappers.md
393 silly gunzTarPerm extractEntry lib/jsdom/browser/location.js
394 silly gunzTarPerm modified mode [ 'lib/jsdom/browser/location.js', 438, 436 ]
395 silly gunzTarPerm extractEntry lib/jsdom/browser/utils.js
396 silly gunzTarPerm modified mode [ 'lib/jsdom/browser/utils.js', 438, 436 ]
397 silly gunzTarPerm extractEntry doc/persistent.md
398 silly gunzTarPerm extractEntry doc/scopes.md
399 silly gunzTarPerm extractEntry doc/script.md
400 silly gunzTarPerm extractEntry lib/jsdom/level1/core.js
401 silly gunzTarPerm modified mode [ 'lib/jsdom/level1/core.js', 438, 436 ]
402 silly gunzTarPerm extractEntry lib/jsdom/level2/core.js
403 silly gunzTarPerm modified mode [ 'lib/jsdom/level2/core.js', 438, 436 ]
404 silly gunzTarPerm extractEntry doc/string_bytes.md
405 silly gunzTarPerm extractEntry doc/v8_internals.md
406 silly gunzTarPerm extractEntry lib/jsdom/level2/events.js
407 silly gunzTarPerm modified mode [ 'lib/jsdom/level2/events.js', 438, 436 ]
408 silly gunzTarPerm extractEntry doc/v8_misc.md
409 silly gunzTarPerm extractEntry nan.h
410 silly gunzTarPerm extractEntry lib/jsdom/level2/html.js
411 silly gunzTarPerm modified mode [ 'lib/jsdom/level2/html.js', 438, 436 ]
412 silly gunzTarPerm extractEntry lib/jsdom/level2/style.js
413 silly gunzTarPerm modified mode [ 'lib/jsdom/level2/style.js', 438, 436 ]
414 silly gunzTarPerm extractEntry nan_callbacks.h
415 silly gunzTarPerm extractEntry nan_callbacks_12_inl.h
416 silly gunzTarPerm extractEntry lib/jsdom/level2/languages/javascript.js
417 silly gunzTarPerm modified mode [ 'lib/jsdom/level2/languages/javascript.js', 438, 436 ]
418 silly gunzTarPerm extractEntry lib/jsdom/level3/core.js
419 silly gunzTarPerm modified mode [ 'lib/jsdom/level3/core.js', 438, 436 ]
420 silly gunzTarPerm extractEntry nan_converters.h
421 silly gunzTarPerm extractEntry nan_converters_43_inl.h
422 silly gunzTarPerm extractEntry nan_converters_pre_43_inl.h
423 silly gunzTarPerm extractEntry lib/jsdom/level3/ls.js
424 silly gunzTarPerm modified mode [ 'lib/jsdom/level3/ls.js', 438, 436 ]
425 silly gunzTarPerm extractEntry lib/jsdom/level3/xpath.js
426 silly gunzTarPerm modified mode [ 'lib/jsdom/level3/xpath.js', 438, 436 ]
427 silly gunzTarPerm extractEntry nan_implementation_12_inl.h
428 silly gunzTarPerm extractEntry nan_implementation_pre_12_inl.h
429 silly gunzTarPerm extractEntry nan_maybe_43_inl.h
430 silly gunzTarPerm extractEntry nan_maybe_pre_43_inl.h
431 silly gunzTarPerm extractEntry lib/jsdom/living/dom-implementation.js
432 silly gunzTarPerm modified mode [ 'lib/jsdom/living/dom-implementation.js', 438, 436 ]
433 silly gunzTarPerm extractEntry nan_new.h
434 silly gentlyRm /home/ssun/node_modules/.staging/contextify-082b5496/node_modules is being purged
435 verbose gentlyRm don't care about contents; nuking /home/ssun/node_modules/.staging/contextify-082b5496/node_modules
436 silly gunzTarPerm extractEntry lib/jsdom/living/index.js
437 silly gunzTarPerm modified mode [ 'lib/jsdom/living/index.js', 438, 436 ]
438 silly gunzTarPerm extractEntry lib/jsdom/living/node-filter.js
439 silly gunzTarPerm modified mode [ 'lib/jsdom/living/node-filter.js', 438, 436 ]
440 silly gunzTarPerm extractEntry nan_object_wrap.h
441 silly gunzTarPerm extractEntry nan_persistent_12_inl.h
442 silly gentlyRm /home/ssun/node_modules/.staging/markserv-105694ba/node_modules is being purged
443 verbose gentlyRm don't care about contents; nuking /home/ssun/node_modules/.staging/markserv-105694ba/node_modules
444 silly gunzTarPerm extractEntry lib/jsdom/living/node.js
445 silly gunzTarPerm modified mode [ 'lib/jsdom/living/node.js', 438, 436 ]
446 silly gunzTarPerm extractEntry lib/jsdom/living/selectors.js
447 silly gunzTarPerm modified mode [ 'lib/jsdom/living/selectors.js', 438, 436 ]
448 silly gunzTarPerm extractEntry nan_persistent_pre_12_inl.h
449 silly gunzTarPerm extractEntry nan_string_bytes.h
450 silly gunzTarPerm extractEntry nan_typedarray_contents.h
451 silly gunzTarPerm extractEntry nan_weak.h
452 silly gunzTarPerm extractEntry tools/package.json
453 silly gunzTarPerm extractEntry tools/README.md
454 silly gunzTarPerm extractEntry tools/1to2.js
455 silly gentlyRm /home/ssun/node_modules/.staging/jsdom-7629b900/node_modules is being purged
456 verbose gentlyRm don't care about contents; nuking /home/ssun/node_modules/.staging/jsdom-7629b900/node_modules
457 silly gentlyRm /home/ssun/node_modules/.staging/nan-efb21560/node_modules is being purged
458 verbose gentlyRm don't care about contents; nuking /home/ssun/node_modules/.staging/nan-efb21560/node_modules
459 silly doParallel preinstall 5
460 silly preinstall bindings@1.2.1 /home/ssun/node_modules/.staging/bindings-2c720cca
461 info lifecycle bindings@1.2.1~preinstall: bindings@1.2.1
462 silly preinstall nan@2.4.0 /home/ssun/node_modules/.staging/nan-efb21560
463 info lifecycle nan@2.4.0~preinstall: nan@2.4.0
464 silly preinstall contextify@0.1.15 /home/ssun/node_modules/.staging/contextify-082b5496
465 info lifecycle contextify@0.1.15~preinstall: contextify@0.1.15
466 silly preinstall jsdom@2.0.0 /home/ssun/node_modules/.staging/jsdom-7629b900
467 info lifecycle jsdom@2.0.0~preinstall: jsdom@2.0.0
468 silly preinstall markserv@0.0.17 /home/ssun/node_modules/.staging/markserv-105694ba
469 info lifecycle markserv@0.0.17~preinstall: markserv@0.0.17
470 silly lifecycle bindings@1.2.1~preinstall: no script for preinstall, continuing
471 silly lifecycle nan@2.4.0~preinstall: no script for preinstall, continuing
472 silly lifecycle contextify@0.1.15~preinstall: no script for preinstall, continuing
473 silly lifecycle jsdom@2.0.0~preinstall: no script for preinstall, continuing
474 silly lifecycle markserv@0.0.17~preinstall: no script for preinstall, continuing
475 silly doReverseSerial remove 0
476 silly doSerial move 0
477 silly doSerial finalize 5
478 silly finalize /home/ssun/node_modules/bindings
479 silly finalize /home/ssun/node_modules/nan
480 silly finalize /home/ssun/node_modules/contextify
481 silly finalize /home/ssun/node_modules/jsdom
482 silly finalize /home/ssun/node_modules/markserv
483 silly doSerial build 5
484 silly build bindings@1.2.1
485 info linkStuff bindings@1.2.1
486 silly linkStuff bindings@1.2.1 has /home/ssun/node_modules as its parent node_modules
487 verbose linkBins bindings@1.2.1
488 verbose linkMans bindings@1.2.1
489 silly build nan@2.4.0
490 info linkStuff nan@2.4.0
491 silly linkStuff nan@2.4.0 has /home/ssun/node_modules as its parent node_modules
492 verbose linkBins nan@2.4.0
493 verbose linkMans nan@2.4.0
494 silly build contextify@0.1.15
495 info linkStuff contextify@0.1.15
496 silly linkStuff contextify@0.1.15 has /home/ssun/node_modules as its parent node_modules
497 verbose linkBins contextify@0.1.15
498 verbose linkMans contextify@0.1.15
499 silly build jsdom@2.0.0
500 info linkStuff jsdom@2.0.0
501 silly linkStuff jsdom@2.0.0 has /home/ssun/node_modules as its parent node_modules
502 verbose linkBins jsdom@2.0.0
503 verbose linkMans jsdom@2.0.0
504 silly build markserv@0.0.17
505 info linkStuff markserv@0.0.17
506 silly linkStuff markserv@0.0.17 has /home/ssun/node_modules as its parent node_modules
507 verbose linkBins markserv@0.0.17
508 verbose link bins [ { markserv: 'server.js' },
508 verbose link bins   '/home/ssun/node_modules/.bin',
508 verbose link bins   false ]
509 verbose linkMans markserv@0.0.17
510 silly doSerial global-link 0
511 silly doParallel update-linked 0
512 silly doSerial install 5
513 silly install bindings@1.2.1 /home/ssun/node_modules/.staging/bindings-2c720cca
514 info lifecycle bindings@1.2.1~install: bindings@1.2.1
515 silly lifecycle bindings@1.2.1~install: no script for install, continuing
516 silly install nan@2.4.0 /home/ssun/node_modules/.staging/nan-efb21560
517 info lifecycle nan@2.4.0~install: nan@2.4.0
518 silly lifecycle nan@2.4.0~install: no script for install, continuing
519 silly install contextify@0.1.15 /home/ssun/node_modules/.staging/contextify-082b5496
520 info lifecycle contextify@0.1.15~install: contextify@0.1.15
521 verbose lifecycle contextify@0.1.15~install: unsafe-perm in lifecycle true
522 verbose lifecycle contextify@0.1.15~install: PATH: /usr/share/npm/bin/node-gyp-bin:/home/ssun/node_modules/contextify/node_modules/.bin:/home/ssun/node_modules/.bin:/usr/local/sbin:/usr/local/bin:/usr/sbin:/usr/bin:/sbin:/bin:/usr/games:/usr/local/games:/snap/bin
523 verbose lifecycle contextify@0.1.15~install: CWD: /home/ssun/node_modules/contextify
524 silly lifecycle contextify@0.1.15~install: Args: [ '-c', 'node-gyp rebuild' ]
525 silly lifecycle contextify@0.1.15~install: Returned: code: 1  signal: null
526 info lifecycle contextify@0.1.15~install: Failed to exec install script
527 verbose unlock done using /home/ssun/.npm/_locks/staging-7fd2ce21002bf172.lock for /home/ssun/node_modules/.staging
528 silly rollbackFailedOptional Starting
529 silly rollbackFailedOptional Finishing
530 silly runTopLevelLifecycles Starting
531 silly runTopLevelLifecycles Finishing
532 silly install printInstalled
533 warn enoent ENOENT: no such file or directory, open '/home/ssun/package.json'
534 warn ssun No description
535 warn ssun No repository field.
536 warn ssun No README data
537 warn ssun No license field.
538 verbose stack Error: contextify@0.1.15 install: `node-gyp rebuild`
538 verbose stack Exit status 1
538 verbose stack     at EventEmitter.<anonymous> (/usr/share/npm/lib/utils/lifecycle.js:232:16)
538 verbose stack     at emitTwo (events.js:87:13)
538 verbose stack     at EventEmitter.emit (events.js:172:7)
538 verbose stack     at ChildProcess.<anonymous> (/usr/share/npm/lib/utils/spawn.js:24:14)
538 verbose stack     at emitTwo (events.js:87:13)
538 verbose stack     at ChildProcess.emit (events.js:172:7)
538 verbose stack     at maybeClose (internal/child_process.js:821:16)
538 verbose stack     at Process.ChildProcess._handle.onexit (internal/child_process.js:211:5)
539 verbose pkgid contextify@0.1.15
540 verbose cwd /home/ssun/github/events/demo_night/docs
541 error Linux 4.4.0-31-generic
542 error argv "/usr/bin/nodejs" "/usr/bin/npm" "install" "markserv"
543 error node v4.2.6
544 error npm  v3.5.2
545 error code ELIFECYCLE
546 error contextify@0.1.15 install: `node-gyp rebuild`
546 error Exit status 1
547 error Failed at the contextify@0.1.15 install script 'node-gyp rebuild'.
547 error Make sure you have the latest version of node.js and npm installed.
547 error If you do, this is most likely a problem with the contextify package,
547 error not with npm itself.
547 error Tell the author that this fails on your system:
547 error     node-gyp rebuild
547 error You can get information on how to open an issue for this project with:
547 error     npm bugs contextify
547 error Or if that isn't available, you can get their info via:
547 error     npm owner ls contextify
547 error There is likely additional logging output above.
548 verbose exit [ 1, true ]
